<?xml version="1.0" encoding="UTF-8"?>
<!-- Generated by org.testng.reporters.JUnitReportReporter -->
<testsuite hostname="Samsung" name="springmvc.model.dao.DepartmentsDaoTest" tests="1" failures="0" timestamp="8 Feb 2016 08:24:13 GMT" time="0.390" errors="0">
  <testcase name="getDepartments" time="0.390" classname="springmvc.model.dao.DepartmentsDaoTest"/>
</testsuite> <!-- springmvc.model.dao.DepartmentsDaoTest -->
