<?xml version="1.0" encoding="UTF-8"?>
<!-- Generated by org.testng.reporters.JUnitReportReporter -->
<testsuite hostname="Samsung" name="springmvc.model.dao.UserDaoTest" tests="2" failures="0" timestamp="8 Feb 2016 08:25:37 GMT" time="0.272" errors="0">
  <testcase name="getUsers" time="0.155" classname="springmvc.model.dao.UserDaoTest"/>
  <testcase name="getUser" time="0.117" classname="springmvc.model.dao.UserDaoTest"/>
</testsuite> <!-- springmvc.model.dao.UserDaoTest -->
