<?xml version="1.0" encoding="UTF-8"?>
<!-- Generated by org.testng.reporters.JUnitReportReporter -->
<testsuite hostname="Samsung" name="springmvc.model.dao.ApplicationsDaoTest" tests="2" failures="0" timestamp="8 Feb 2016 08:38:57 GMT" time="0.252" errors="0">
  <testcase name="getApplicationsForStudent" time="0.075" classname="springmvc.model.dao.ApplicationsDaoTest"/>
  <testcase name="getApplications" time="0.177" classname="springmvc.model.dao.ApplicationsDaoTest"/>
</testsuite> <!-- springmvc.model.dao.ApplicationsDaoTest -->
